{"/Users/nate/code/budget-tracker/web/src/components/accounts/AccountList.tsx": {"path":"/Users/nate/code/budget-tracker/web/src/components/accounts/AccountList.tsx","all":false,"statementMap":{"0":{"start":{"line":1,"column":0},"end":{"line":1,"column":42}},"31":{"start":{"line":32,"column":0},"end":{"line":32,"column":67}},"32":{"start":{"line":33,"column":0},"end":{"line":33,"column":58}},"34":{"start":{"line":35,"column":0},"end":{"line":35,"column":14}},"35":{"start":{"line":36,"column":0},"end":{"line":36,"column":12}},"36":{"start":{"line":37,"column":0},"end":{"line":37,"column":78}},"38":{"start":{"line":39,"column":0},"end":{"line":39,"column":14}},"39":{"start":{"line":40,"column":0},"end":{"line":40,"column":52}},"40":{"start":{"line":41,"column":0},"end":{"line":41,"column":12}},"41":{"start":{"line":42,"column":0},"end":{"line":42,"column":54}},"42":{"start":{"line":43,"column":0},"end":{"line":43,"column":47}},"43":{"start":{"line":44,"column":0},"end":{"line":44,"column":10}},"45":{"start":{"line":46,"column":0},"end":{"line":46,"column":3}},"47":{"start":{"line":48,"column":0},"end":{"line":48,"column":40}},"49":{"start":{"line":50,"column":0},"end":{"line":50,"column":48}},"50":{"start":{"line":51,"column":0},"end":{"line":51,"column":66}},"51":{"start":{"line":52,"column":0},"end":{"line":52,"column":4}},"52":{"start":{"line":53,"column":0},"end":{"line":53,"column":39}},"53":{"start":{"line":54,"column":0},"end":{"line":54,"column":56}},"54":{"start":{"line":55,"column":0},"end":{"line":55,"column":4}},"56":{"start":{"line":57,"column":0},"end":{"line":57,"column":22}},"57":{"start":{"line":58,"column":0},"end":{"line":58,"column":52}},"58":{"start":{"line":59,"column":0},"end":{"line":59,"column":48}},"59":{"start":{"line":60,"column":0},"end":{"line":60,"column":3}},"61":{"start":{"line":62,"column":0},"end":{"line":62,"column":22}},"62":{"start":{"line":63,"column":0},"end":{"line":63,"column":29}},"63":{"start":{"line":64,"column":0},"end":{"line":64,"column":21}},"64":{"start":{"line":65,"column":0},"end":{"line":65,"column":33}},"65":{"start":{"line":66,"column":0},"end":{"line":66,"column":36}},"66":{"start":{"line":67,"column":0},"end":{"line":67,"column":52}},"68":{"start":{"line":69,"column":0},"end":{"line":69,"column":76}},"69":{"start":{"line":70,"column":0},"end":{"line":70,"column":51}},"70":{"start":{"line":71,"column":0},"end":{"line":71,"column":18}},"71":{"start":{"line":72,"column":0},"end":{"line":72,"column":12}},"72":{"start":{"line":73,"column":0},"end":{"line":73,"column":17}},"73":{"start":{"line":74,"column":0},"end":{"line":74,"column":77}},"74":{"start":{"line":75,"column":0},"end":{"line":75,"column":8}},"75":{"start":{"line":76,"column":0},"end":{"line":76,"column":12}},"76":{"start":{"line":77,"column":0},"end":{"line":77,"column":10}},"77":{"start":{"line":78,"column":0},"end":{"line":78,"column":24}},"78":{"start":{"line":79,"column":0},"end":{"line":79,"column":187}},"79":{"start":{"line":80,"column":0},"end":{"line":80,"column":41}},"80":{"start":{"line":81,"column":0},"end":{"line":81,"column":11}},"81":{"start":{"line":82,"column":0},"end":{"line":82,"column":50}},"83":{"start":{"line":84,"column":0},"end":{"line":84,"column":112}},"84":{"start":{"line":85,"column":0},"end":{"line":85,"column":52}},"85":{"start":{"line":86,"column":0},"end":{"line":86,"column":42}},"86":{"start":{"line":87,"column":0},"end":{"line":87,"column":63}},"87":{"start":{"line":88,"column":0},"end":{"line":88,"column":15}},"88":{"start":{"line":89,"column":0},"end":{"line":89,"column":68}},"89":{"start":{"line":90,"column":0},"end":{"line":90,"column":24}},"90":{"start":{"line":91,"column":0},"end":{"line":91,"column":13}},"92":{"start":{"line":93,"column":0},"end":{"line":93,"column":30}},"93":{"start":{"line":94,"column":0},"end":{"line":94,"column":52}},"94":{"start":{"line":95,"column":0},"end":{"line":95,"column":59}},"95":{"start":{"line":96,"column":0},"end":{"line":96,"column":14}},"96":{"start":{"line":97,"column":0},"end":{"line":97,"column":12}},"97":{"start":{"line":98,"column":0},"end":{"line":98,"column":44}},"98":{"start":{"line":99,"column":0},"end":{"line":99,"column":75}},"99":{"start":{"line":100,"column":0},"end":{"line":100,"column":15}},"100":{"start":{"line":101,"column":0},"end":{"line":101,"column":11}},"101":{"start":{"line":102,"column":0},"end":{"line":102,"column":57}},"102":{"start":{"line":103,"column":0},"end":{"line":103,"column":14}},"103":{"start":{"line":104,"column":0},"end":{"line":104,"column":14}},"105":{"start":{"line":106,"column":0},"end":{"line":106,"column":30}},"106":{"start":{"line":107,"column":0},"end":{"line":107,"column":83}},"108":{"start":{"line":109,"column":0},"end":{"line":109,"column":15}},"109":{"start":{"line":110,"column":0},"end":{"line":110,"column":46}},"110":{"start":{"line":111,"column":0},"end":{"line":111,"column":75}},"112":{"start":{"line":113,"column":0},"end":{"line":113,"column":16}},"114":{"start":{"line":115,"column":0},"end":{"line":115,"column":53}},"115":{"start":{"line":116,"column":0},"end":{"line":116,"column":18}},"116":{"start":{"line":117,"column":0},"end":{"line":117,"column":36}},"117":{"start":{"line":118,"column":0},"end":{"line":118,"column":74}},"119":{"start":{"line":120,"column":0},"end":{"line":120,"column":67}},"120":{"start":{"line":121,"column":0},"end":{"line":121,"column":36}},"121":{"start":{"line":122,"column":0},"end":{"line":122,"column":23}},"122":{"start":{"line":123,"column":0},"end":{"line":123,"column":21}},"123":{"start":{"line":124,"column":0},"end":{"line":124,"column":32}},"124":{"start":{"line":125,"column":0},"end":{"line":125,"column":77}},"125":{"start":{"line":126,"column":0},"end":{"line":126,"column":21}},"126":{"start":{"line":127,"column":0},"end":{"line":127,"column":17}},"127":{"start":{"line":128,"column":0},"end":{"line":128,"column":60}},"128":{"start":{"line":129,"column":0},"end":{"line":129,"column":23}},"129":{"start":{"line":130,"column":0},"end":{"line":130,"column":20}},"130":{"start":{"line":131,"column":0},"end":{"line":131,"column":14}},"132":{"start":{"line":133,"column":0},"end":{"line":133,"column":14}},"134":{"start":{"line":135,"column":0},"end":{"line":135,"column":69}},"135":{"start":{"line":136,"column":0},"end":{"line":136,"column":58}},"136":{"start":{"line":137,"column":0},"end":{"line":137,"column":12}},"137":{"start":{"line":138,"column":0},"end":{"line":138,"column":64}},"138":{"start":{"line":139,"column":0},"end":{"line":139,"column":69}},"139":{"start":{"line":140,"column":0},"end":{"line":140,"column":12}},"140":{"start":{"line":141,"column":0},"end":{"line":141,"column":12}},"142":{"start":{"line":143,"column":0},"end":{"line":143,"column":4}},"144":{"start":{"line":145,"column":0},"end":{"line":145,"column":10}},"145":{"start":{"line":146,"column":0},"end":{"line":146,"column":28}},"146":{"start":{"line":147,"column":0},"end":{"line":147,"column":32}},"147":{"start":{"line":148,"column":0},"end":{"line":148,"column":76}},"149":{"start":{"line":150,"column":0},"end":{"line":150,"column":12}},"151":{"start":{"line":152,"column":0},"end":{"line":152,"column":35}},"152":{"start":{"line":153,"column":0},"end":{"line":153,"column":48}},"153":{"start":{"line":154,"column":0},"end":{"line":154,"column":36}},"154":{"start":{"line":155,"column":0},"end":{"line":155,"column":62}},"155":{"start":{"line":156,"column":0},"end":{"line":156,"column":48}},"156":{"start":{"line":157,"column":0},"end":{"line":157,"column":16}},"157":{"start":{"line":158,"column":0},"end":{"line":158,"column":18}},"160":{"start":{"line":161,"column":0},"end":{"line":161,"column":39}},"161":{"start":{"line":162,"column":0},"end":{"line":162,"column":49}},"162":{"start":{"line":163,"column":0},"end":{"line":163,"column":67}},"163":{"start":{"line":164,"column":0},"end":{"line":164,"column":55}},"164":{"start":{"line":165,"column":0},"end":{"line":165,"column":51}},"165":{"start":{"line":166,"column":0},"end":{"line":166,"column":18}},"166":{"start":{"line":167,"column":0},"end":{"line":167,"column":20}},"167":{"start":{"line":168,"column":0},"end":{"line":168,"column":18}},"169":{"start":{"line":170,"column":0},"end":{"line":170,"column":14}},"171":{"start":{"line":172,"column":0},"end":{"line":172,"column":10}},"173":{"start":{"line":174,"column":0},"end":{"line":174,"column":1}}},"s":{"0":1,"31":1,"32":10,"34":10,"35":10,"36":5,"38":10,"39":1,"40":1,"41":1,"42":1,"43":1,"45":1,"47":10,"49":10,"50":10,"51":10,"52":10,"53":10,"54":10,"56":10,"57":10,"58":3,"59":3,"61":4,"62":4,"63":0,"64":4,"65":3,"66":1,"68":10,"69":9,"70":9,"71":9,"72":9,"73":0,"74":9,"75":9,"76":9,"77":9,"78":9,"79":9,"80":9,"81":9,"83":9,"84":9,"85":9,"86":9,"87":9,"88":9,"89":9,"90":9,"92":9,"93":9,"94":9,"95":9,"96":9,"97":9,"98":9,"99":9,"100":9,"101":9,"102":9,"103":9,"105":9,"106":9,"108":9,"109":9,"110":9,"112":9,"114":0,"115":0,"116":0,"117":0,"119":0,"120":0,"121":0,"122":0,"123":0,"124":0,"125":0,"126":0,"127":0,"128":0,"129":0,"130":0,"132":9,"134":9,"135":9,"136":9,"137":9,"138":9,"139":9,"140":9,"142":9,"144":10,"145":10,"146":10,"147":1,"149":1,"151":3,"152":3,"153":3,"154":3,"155":3,"156":3,"157":3,"160":3,"161":3,"162":3,"163":3,"164":6,"165":3,"166":3,"167":3,"169":3,"171":10,"173":10},"branchMap":{"0":{"type":"branch","line":32,"loc":{"start":{"line":32,"column":7},"end":{"line":174,"column":1}},"locations":[{"start":{"line":32,"column":7},"end":{"line":174,"column":1}}]},"1":{"type":"branch","line":36,"loc":{"start":{"line":36,"column":4},"end":{"line":39,"column":13}},"locations":[{"start":{"line":36,"column":4},"end":{"line":39,"column":13}}]},"2":{"type":"branch","line":39,"loc":{"start":{"line":39,"column":13},"end":{"line":46,"column":3}},"locations":[{"start":{"line":39,"column":13},"end":{"line":46,"column":3}}]},"3":{"type":"branch","line":46,"loc":{"start":{"line":46,"column":2},"end":{"line":48,"column":37}},"locations":[{"start":{"line":46,"column":2},"end":{"line":48,"column":37}}]},"4":{"type":"branch","line":48,"loc":{"start":{"line":48,"column":25},"end":{"line":48,"column":40}},"locations":[{"start":{"line":48,"column":25},"end":{"line":48,"column":40}}]},"5":{"type":"branch","line":58,"loc":{"start":{"line":58,"column":51},"end":{"line":60,"column":3}},"locations":[{"start":{"line":58,"column":51},"end":{"line":60,"column":3}}]},"6":{"type":"branch","line":60,"loc":{"start":{"line":60,"column":2},"end":{"line":63,"column":29}},"locations":[{"start":{"line":60,"column":2},"end":{"line":63,"column":29}}]},"7":{"type":"branch","line":63,"loc":{"start":{"line":63,"column":28},"end":{"line":64,"column":21}},"locations":[{"start":{"line":63,"column":28},"end":{"line":64,"column":21}}]},"8":{"type":"branch","line":64,"loc":{"start":{"line":64,"column":8},"end":{"line":67,"column":52}},"locations":[{"start":{"line":64,"column":8},"end":{"line":67,"column":52}}]},"9":{"type":"branch","line":65,"loc":{"start":{"line":65,"column":32},"end":{"line":66,"column":36}},"locations":[{"start":{"line":65,"column":32},"end":{"line":66,"column":36}}]},"10":{"type":"branch","line":66,"loc":{"start":{"line":66,"column":8},"end":{"line":67,"column":52}},"locations":[{"start":{"line":66,"column":8},"end":{"line":67,"column":52}}]},"11":{"type":"branch","line":147,"loc":{"start":{"line":147,"column":27},"end":{"line":150,"column":12}},"locations":[{"start":{"line":147,"column":27},"end":{"line":150,"column":12}}]},"12":{"type":"branch","line":150,"loc":{"start":{"line":150,"column":8},"end":{"line":170,"column":14}},"locations":[{"start":{"line":150,"column":8},"end":{"line":170,"column":14}}]},"13":{"type":"branch","line":51,"loc":{"start":{"line":51,"column":4},"end":{"line":51,"column":66}},"locations":[{"start":{"line":51,"column":4},"end":{"line":51,"column":66}}]},"14":{"type":"branch","line":54,"loc":{"start":{"line":54,"column":4},"end":{"line":54,"column":56}},"locations":[{"start":{"line":54,"column":4},"end":{"line":54,"column":56}}]},"15":{"type":"branch","line":69,"loc":{"start":{"line":69,"column":28},"end":{"line":143,"column":4}},"locations":[{"start":{"line":69,"column":28},"end":{"line":143,"column":4}}]},"16":{"type":"branch","line":80,"loc":{"start":{"line":80,"column":10},"end":{"line":80,"column":39}},"locations":[{"start":{"line":80,"column":10},"end":{"line":80,"column":39}}]},"17":{"type":"branch","line":80,"loc":{"start":{"line":80,"column":28},"end":{"line":80,"column":41}},"locations":[{"start":{"line":80,"column":28},"end":{"line":80,"column":41}}]},"18":{"type":"branch","line":99,"loc":{"start":{"line":99,"column":39},"end":{"line":99,"column":60}},"locations":[{"start":{"line":99,"column":39},"end":{"line":99,"column":60}}]},"19":{"type":"branch","line":113,"loc":{"start":{"line":113,"column":12},"end":{"line":131,"column":14}},"locations":[{"start":{"line":113,"column":12},"end":{"line":131,"column":14}}]},"20":{"type":"branch","line":155,"loc":{"start":{"line":155,"column":41},"end":{"line":156,"column":48}},"locations":[{"start":{"line":155,"column":41},"end":{"line":156,"column":48}}]},"21":{"type":"branch","line":164,"loc":{"start":{"line":164,"column":34},"end":{"line":165,"column":51}},"locations":[{"start":{"line":164,"column":34},"end":{"line":165,"column":51}}]}},"b":{"0":[10],"1":[5],"2":[1],"3":[4],"4":[0],"5":[3],"6":[4],"7":[0],"8":[4],"9":[3],"10":[1],"11":[1],"12":[3],"13":[9],"14":[9],"15":[9],"16":[3],"17":[6],"18":[0],"19":[0],"20":[3],"21":[6]},"fnMap":{"0":{"name":"AccountList","decl":{"start":{"line":32,"column":7},"end":{"line":174,"column":1}},"loc":{"start":{"line":32,"column":7},"end":{"line":174,"column":1}},"line":32},"1":{"name":"renderAccountCard","decl":{"start":{"line":69,"column":28},"end":{"line":143,"column":4}},"loc":{"start":{"line":69,"column":28},"end":{"line":143,"column":4}},"line":69},"2":{"name":"onClick","decl":{"start":{"line":82,"column":17},"end":{"line":82,"column":50}},"loc":{"start":{"line":82,"column":17},"end":{"line":82,"column":50}},"line":82}},"f":{"0":10,"1":9,"2":0}}
,"/Users/nate/code/budget-tracker/web/src/graphql/queries.ts": {"path":"/Users/nate/code/budget-tracker/web/src/graphql/queries.ts","all":false,"statementMap":{"0":{"start":{"line":1,"column":0},"end":{"line":1,"column":37}},"2":{"start":{"line":3,"column":0},"end":{"line":3,"column":32}},"30":{"start":{"line":31,"column":0},"end":{"line":31,"column":31}},"60":{"start":{"line":61,"column":0},"end":{"line":61,"column":41}},"80":{"start":{"line":81,"column":0},"end":{"line":81,"column":39}}},"s":{"0":1,"2":1,"30":1,"60":1,"80":1},"branchMap":{},"b":{},"fnMap":{},"f":{}}
,"/Users/nate/code/budget-tracker/web/src/test/utils.tsx": {"path":"/Users/nate/code/budget-tracker/web/src/test/utils.tsx","all":false,"statementMap":{"0":{"start":{"line":1,"column":0},"end":{"line":1,"column":56}},"9":{"start":{"line":10,"column":0},"end":{"line":10,"column":22}},"10":{"start":{"line":11,"column":0},"end":{"line":11,"column":19}},"11":{"start":{"line":12,"column":0},"end":{"line":12,"column":3}},"12":{"start":{"line":13,"column":0},"end":{"line":13,"column":15}},"13":{"start":{"line":14,"column":0},"end":{"line":14,"column":24}},"14":{"start":{"line":15,"column":0},"end":{"line":15,"column":20}},"15":{"start":{"line":16,"column":0},"end":{"line":16,"column":29}},"16":{"start":{"line":17,"column":0},"end":{"line":17,"column":6}},"17":{"start":{"line":18,"column":0},"end":{"line":18,"column":68}},"18":{"start":{"line":19,"column":0},"end":{"line":19,"column":60}},"19":{"start":{"line":20,"column":0},"end":{"line":20,"column":16}},"20":{"start":{"line":21,"column":0},"end":{"line":21,"column":21}},"23":{"start":{"line":24,"column":0},"end":{"line":24,"column":60}},"24":{"start":{"line":25,"column":0},"end":{"line":25,"column":2}}},"s":{"0":1,"9":1,"10":5,"11":5,"12":5,"13":5,"14":5,"15":5,"16":5,"17":5,"18":5,"19":5,"20":5,"23":5,"24":5},"branchMap":{"0":{"type":"branch","line":10,"loc":{"start":{"line":10,"column":21},"end":{"line":25,"column":2}},"locations":[{"start":{"line":10,"column":21},"end":{"line":25,"column":2}}]},"1":{"type":"branch","line":18,"loc":{"start":{"line":18,"column":18},"end":{"line":21,"column":21}},"locations":[{"start":{"line":18,"column":18},"end":{"line":21,"column":21}}]}},"b":{"0":[5],"1":[5]},"fnMap":{"0":{"name":"customRender","decl":{"start":{"line":10,"column":21},"end":{"line":25,"column":2}},"loc":{"start":{"line":10,"column":21},"end":{"line":25,"column":2}},"line":10},"1":{"name":"Wrapper","decl":{"start":{"line":18,"column":18},"end":{"line":21,"column":21}},"loc":{"start":{"line":18,"column":18},"end":{"line":21,"column":21}},"line":18}},"f":{"0":5,"1":5}}
}
